
> maplestory-clone@0.1.0 dev
> vite client --host


  [32m[1mVITE[22m v5.4.21[39m  [2mready in [0m[1m157[22m[2m[0m ms[22m

  [32m➜[39m  [1mLocal[22m:   [36mhttp://localhost:[1m5173[22m/[39m
  [32m➜[39m  [1mNetwork[22m: [36mhttp://192.168.68.102:[1m5173[22m/[39m
[2m上午11:57:41[22m [36m[1m[vite][22m[39m [32mpage reload [39m[2msrc/scenes/GameScene.js[22m
[2m上午11:57:41[22m [31m[1m[vite][22m[39m Pre-transform error: Failed to parse source for import analysis because the content contains invalid JS syntax. If you are using JSX, make sure to name the file with the .jsx or .tsx extension.
[2m上午11:57:41[22m [31m[1m[vite][22m[39m [31mInternal server error: Failed to parse source for import analysis because the content contains invalid JS syntax. If you are using JSX, make sure to name the file with the .jsx or .tsx extension.[39m
  Plugin: [35mvite:import-analysis[39m
  File: [36mC:/Users/JA_User2/Desktop/MapleStory/client/src/scenes/GameScene.js[39m:1:1
[33m  1  |  import Phaser from 'phaser';
     |  ^
  2  |  import Player from '../objects/Player';
  3  |  import Monster from '../objects/Monster';[39m
      at TransformPluginContext._formatError (file:///C:/Users/JA_User2/Desktop/MapleStory/node_modules/vite/dist/node/chunks/dep-BK3b2jBa.js:49258:41)
      at TransformPluginContext.error (file:///C:/Users/JA_User2/Desktop/MapleStory/node_modules/vite/dist/node/chunks/dep-BK3b2jBa.js:49253:16)
      at TransformPluginContext.transform (file:///C:/Users/JA_User2/Desktop/MapleStory/node_modules/vite/dist/node/chunks/dep-BK3b2jBa.js:64259:14)
      at async PluginContainer.transform (file:///C:/Users/JA_User2/Desktop/MapleStory/node_modules/vite/dist/node/chunks/dep-BK3b2jBa.js:49099:18)
      at async loadAndTransform (file:///C:/Users/JA_User2/Desktop/MapleStory/node_modules/vite/dist/node/chunks/dep-BK3b2jBa.js:51978:27)
      at async viteTransformMiddleware (file:///C:/Users/JA_User2/Desktop/MapleStory/node_modules/vite/dist/node/chunks/dep-BK3b2jBa.js:62106:24)
[2m上午11:57:42[22m [36m[1m[vite][22m[39m [32mpage reload [39m[2msrc/scenes/GameScene.js[22m
[2m上午11:57:42[22m [31m[1m[vite][22m[39m Pre-transform error: Failed to parse source for import analysis because the content contains invalid JS syntax. If you are using JSX, make sure to name the file with the .jsx or .tsx extension.
[2m上午11:57:42[22m [31m[1m[vite][22m[39m [31mInternal server error: Failed to parse source for import analysis because the content contains invalid JS syntax. If you are using JSX, make sure to name the file with the .jsx or .tsx extension.[39m
  Plugin: [35mvite:import-analysis[39m
  File: [36mC:/Users/JA_User2/Desktop/MapleStory/client/src/scenes/GameScene.js[39m:1:1
[33m  1  |  import Phaser from 'phaser';
     |  ^
  2  |  import Player from '../objects/Player';
  3  |  import Monster from '../objects/Monster';[39m
      at TransformPluginContext._formatError (file:///C:/Users/JA_User2/Desktop/MapleStory/node_modules/vite/dist/node/chunks/dep-BK3b2jBa.js:49258:41)
      at TransformPluginContext.error (file:///C:/Users/JA_User2/Desktop/MapleStory/node_modules/vite/dist/node/chunks/dep-BK3b2jBa.js:49253:16)
      at TransformPluginContext.transform (file:///C:/Users/JA_User2/Desktop/MapleStory/node_modules/vite/dist/node/chunks/dep-BK3b2jBa.js:64259:14)
      at async PluginContainer.transform (file:///C:/Users/JA_User2/Desktop/MapleStory/node_modules/vite/dist/node/chunks/dep-BK3b2jBa.js:49099:18)
      at async loadAndTransform (file:///C:/Users/JA_User2/Desktop/MapleStory/node_modules/vite/dist/node/chunks/dep-BK3b2jBa.js:51978:27)
      at async viteTransformMiddleware (file:///C:/Users/JA_User2/Desktop/MapleStory/node_modules/vite/dist/node/chunks/dep-BK3b2jBa.js:62106:24)
[2m上午11:58:12[22m [36m[1m[vite][22m[39m [32mpage reload [39m[2msrc/scenes/GameScene.js[22m
[2m上午11:58:12[22m [31m[1m[vite][22m[39m Pre-transform error: Failed to parse source for import analysis because the content contains invalid JS syntax. If you are using JSX, make sure to name the file with the .jsx or .tsx extension.
[2m上午11:58:12[22m [31m[1m[vite][22m[39m [31mInternal server error: Failed to parse source for import analysis because the content contains invalid JS syntax. If you are using JSX, make sure to name the file with the .jsx or .tsx extension.[39m
  Plugin: [35mvite:import-analysis[39m
  File: [36mC:/Users/JA_User2/Desktop/MapleStory/client/src/scenes/GameScene.js[39m:334:0
      at TransformPluginContext._formatError (file:///C:/Users/JA_User2/Desktop/MapleStory/node_modules/vite/dist/node/chunks/dep-BK3b2jBa.js:49258:41)
      at TransformPluginContext.error (file:///C:/Users/JA_User2/Desktop/MapleStory/node_modules/vite/dist/node/chunks/dep-BK3b2jBa.js:49253:16)
      at TransformPluginContext.transform (file:///C:/Users/JA_User2/Desktop/MapleStory/node_modules/vite/dist/node/chunks/dep-BK3b2jBa.js:64259:14)
      at async PluginContainer.transform (file:///C:/Users/JA_User2/Desktop/MapleStory/node_modules/vite/dist/node/chunks/dep-BK3b2jBa.js:49099:18)
      at async loadAndTransform (file:///C:/Users/JA_User2/Desktop/MapleStory/node_modules/vite/dist/node/chunks/dep-BK3b2jBa.js:51978:27)
      at async viteTransformMiddleware (file:///C:/Users/JA_User2/Desktop/MapleStory/node_modules/vite/dist/node/chunks/dep-BK3b2jBa.js:62106:24)
[2m上午11:58:24[22m [36m[1m[vite][22m[39m [32mpage reload [39m[2msrc/scenes/GameScene.js[22m
